setup.py:311 	 2016-10-03 19:16:21,828 __main__     INFO     ================================
setup.py:312 	 2016-10-03 19:16:21,828 __main__     INFO     Logging successfully initialized
setup.py:313 	 2016-10-03 19:16:21,828 __main__     INFO     ================================
setup.py:85 	 2016-10-03 19:16:21,862 __main__     INFO     dedosmedia-monitor containers in host: 1
setup.py:88 	 2016-10-03 19:16:21,865 __main__     INFO     Stopping or removing old container cf5a0c70ae1f287c6e0916316af52b67cb0d4eee45d14c48e447b47ebde55214
setup.py:311 	 2016-10-03 19:25:06,418 __main__     INFO     ================================
setup.py:312 	 2016-10-03 19:25:06,430 __main__     INFO     Logging successfully initialized
setup.py:313 	 2016-10-03 19:25:06,430 __main__     INFO     ================================
setup.py:85 	 2016-10-03 19:25:06,612 __main__     INFO     dedosmedia-monitor containers in host: 1
setup.py:88 	 2016-10-03 19:25:06,613 __main__     INFO     Stopping or removing old container cf5a0c70ae1f287c6e0916316af52b67cb0d4eee45d14c48e447b47ebde55214
setup.py:94 	 2016-10-03 19:25:06,681 __main__     INFO     Building container...
setup.py:112 	 2016-10-03 19:25:06,930 __main__     INFO     Container built succesfully.
setup.py:139 	 2016-10-03 19:25:06,932 __main__     INFO     Config path is: /Volumes/OSX_USB/Dropbox/DedosMedia/keshot/monitor/config and exists: True
setup.py:143 	 2016-10-03 19:25:06,932 __main__     INFO     Watch path is: /Volumes/OSX_USB/Dropbox/DedosMedia/keshot/monitor/watch and exists: True
setup.py:184 	 2016-10-03 19:25:07,123 __main__     INFO     Container created: {u'Id': u'91dfccace0886b518fced360a93d855d481b4bc29974860c17541d7cf9b93511', u'Warnings': None}
setup.py:188 	 2016-10-03 19:25:07,929 __main__     INFO     Container started correctly. Monitoring: /Volumes/OSX_USB/Dropbox/DedosMedia/keshot/monitor/watch/input.jpg
monitor.py:170 	 2016-10-04 00:25:08,770 __main__     INFO     Monitor: Logging successfully initialized
monitor.py:46 	 2016-10-04 00:25:08,781 __main__     INFO     /app/watch/input.jpg
monitor.py:75 	 2016-10-04 00:25:59,215 __main__     INFO     /app/watch/input.jpg
monitor.py:75 	 2016-10-04 00:25:59,219 __main__     INFO     /app/watch
monitor.py:75 	 2016-10-04 00:26:04,220 __main__     INFO     /app/watch/.DS_Store
monitor.py:75 	 2016-10-04 00:26:13,254 __main__     INFO     /app/watch/input.jpg
monitor.py:75 	 2016-10-04 00:26:13,306 __main__     INFO     /app/watch
monitor.py:75 	 2016-10-04 00:26:30,387 __main__     INFO     /app/watch/output.jpg
monitor.py:75 	 2016-10-04 00:26:30,390 __main__     INFO     /app/watch
monitor.py:75 	 2016-10-04 00:27:52,038 __main__     INFO     /app/watch/input.jpg
monitor.py:75 	 2016-10-04 00:27:52,041 __main__     INFO     /app/watch
monitor.py:75 	 2016-10-04 00:27:54,045 __main__     INFO     /app/watch/.DS_Store
monitor.py:75 	 2016-10-04 00:27:54,048 __main__     INFO     /app/watch/input.jpg
monitor.py:75 	 2016-10-04 00:27:54,100 __main__     INFO     /app/watch
monitor.py:75 	 2016-10-04 00:28:06,119 __main__     INFO     /app/watch/output.jpg
11.7779009342
setup.py:286 	 2016-10-03 19:28:07,870 __main__     INFO     (((( DONE ))))))) - Monitoring again.
setup.py:246 	 2016-10-03 19:30:18,911 __main__     INFO     Exiting container 91dfccace0886b518fced360a93d855d481b4bc29974860c17541d7cf9b93511
setup.py:311 	 2016-10-03 19:46:01,259 __main__     INFO     ================================
setup.py:312 	 2016-10-03 19:46:01,301 __main__     INFO     Logging successfully initialized
setup.py:313 	 2016-10-03 19:46:01,303 __main__     INFO     ================================
setup.py:85 	 2016-10-03 19:46:01,372 __main__     INFO     dedosmedia-monitor containers in host: 1
setup.py:88 	 2016-10-03 19:46:01,377 __main__     INFO     Stopping or removing old container 2bb4c72bdae36e19abdc4f6b9d86495143695ff54081aa082f46e4d0dcd1890b
setup.py:94 	 2016-10-03 19:46:01,450 __main__     INFO     Building container...
setup.py:112 	 2016-10-03 19:46:01,767 __main__     INFO     Container built succesfully.
setup.py:139 	 2016-10-03 19:46:01,773 __main__     INFO     Config path is: I:\Dropbox\DedosMedia\keshot\monitor\config and exists: True
setup.py:143 	 2016-10-03 19:46:01,809 __main__     INFO     Watch path is: I:\Dropbox\DedosMedia\keshot\monitor\watch and exists: True
setup.py:184 	 2016-10-03 19:46:02,051 __main__     INFO     Container created: {u'Id': u'cc50f6a3bd60ed1bd84cbfa55f2efe7d667d84782f69f80f73ebd3aad7501057', u'Warnings': None}
setup.py:188 	 2016-10-03 19:46:02,417 __main__     INFO     Container started correctly. Monitoring: I:\Dropbox\DedosMedia\keshot\monitor\watch\input.jpg
monitor.py:170 	 2016-10-04 00:46:02,840 __main__     INFO     Monitor: Logging successfully initialized
monitor.py:46 	 2016-10-04 00:46:02,844 __main__     INFO     /app/watch/input.jpg
monitor.py:75 	 2016-10-04 00:46:16,215 __main__     INFO     /app/watch/output.jpg
monitor.py:75 	 2016-10-04 00:46:21,217 __main__     INFO     /app/watch/input.jpg
monitor.py:75 	 2016-10-04 00:46:26,220 __main__     INFO     /app/watch/input.jpg
monitor.py:75 	 2016-10-04 00:46:46,550 __main__     INFO     /app/watch/output.jpg
monitor.py:75 	 2016-10-04 00:46:47,555 __main__     INFO     /app/watch/output.jpg
monitor.py:75 	 2016-10-04 00:46:51,557 __main__     INFO     /app/watch/input.jpg
monitor.py:75 	 2016-10-04 00:46:57,576 __main__     INFO     /app/watch/input.jpg
monitor.py:75 	 2016-10-04 00:47:08,619 __main__     INFO     /app/watch/output.jpg
monitor.py:75 	 2016-10-04 01:04:44,736 __main__     INFO     /app/watch/input.jpg
monitor.py:75 	 2016-10-04 01:04:46,707 __main__     INFO     /app/watch/input.jpg
monitor.py:75 	 2016-10-04 01:04:54,867 __main__     INFO     /app/watch/output.jpg
monitor.py:75 	 2016-10-04 01:04:55,839 __main__     INFO     /app/watch/output.jpg
monitor.py:75 	 2016-10-04 01:25:00,858 __main__     INFO     /app/watch/input.jpg
monitor.py:75 	 2016-10-04 01:25:02,831 __main__     INFO     /app/watch/input.jpg
monitor.py:75 	 2016-10-04 01:25:10,839 __main__     INFO     /app/watch/output.jpg
monitor.py:75 	 2016-10-04 01:29:55,351 __main__     INFO     /app/watch/input.jpg
monitor.py:75 	 2016-10-04 01:29:58,357 __main__     INFO     /app/watch/input.jpg
monitor.py:75 	 2016-10-04 01:30:04,387 __main__     INFO     /app/watch/output.jpg
setup.py:312 	 2016-10-03 22:28:20,098 __main__     INFO     ================================
setup.py:313 	 2016-10-03 22:28:20,104 __main__     INFO     Logging successfully initialized
setup.py:314 	 2016-10-03 22:28:20,108 __main__     INFO     ================================
setup.py:86 	 2016-10-03 22:28:20,144 __main__     INFO     dedosmedia-monitor containers in host: 1
setup.py:89 	 2016-10-03 22:28:20,148 __main__     INFO     Stopping or removing old container c0f049c6eeacb90f7c65b4ef00b0d7313cca3c4b4a658c4e833dde148d70f772
setup.py:95 	 2016-10-03 22:28:20,216 __main__     INFO     Building container...
setup.py:113 	 2016-10-03 22:28:20,403 __main__     INFO     Container built succesfully.
setup.py:140 	 2016-10-03 22:28:20,407 __main__     INFO     Config path is: I:\Dropbox\DedosMedia\keshot\monitor\config and exists: True
setup.py:144 	 2016-10-03 22:28:20,414 __main__     INFO     Watch path is: I:\Dropbox\DedosMedia\keshot\monitor\watch and exists: True
setup.py:185 	 2016-10-03 22:28:20,556 __main__     INFO     Container created: {u'Id': u'c98f6ad65211a72aa98d89ca78444130058af42187a0460e3dec4fb93648f202', u'Warnings': None}
setup.py:189 	 2016-10-03 22:28:20,941 __main__     INFO     Container started correctly. Monitoring: I:\Dropbox\DedosMedia\keshot\monitor\watch\input.jpg
monitor.py:170 	 2016-10-04 03:27:55,222 __main__     INFO     Monitor: Logging successfully initialized
monitor.py:46 	 2016-10-04 03:27:55,224 __main__     INFO     /app/watch/input.jpg
setup.py:314 	 2016-10-03 22:31:19,871 __main__     INFO     ================================
setup.py:315 	 2016-10-03 22:31:19,875 __main__     INFO     Logging successfully initialized
setup.py:316 	 2016-10-03 22:31:19,878 __main__     INFO     ================================
setup.py:86 	 2016-10-03 22:31:19,905 __main__     INFO     dedosmedia-monitor containers in host: 1
setup.py:89 	 2016-10-03 22:31:19,911 __main__     INFO     Stopping or removing old container c98f6ad65211a72aa98d89ca78444130058af42187a0460e3dec4fb93648f202
setup.py:95 	 2016-10-03 22:31:19,950 __main__     INFO     Building container...
setup.py:113 	 2016-10-03 22:31:20,151 __main__     INFO     Container built succesfully.
setup.py:140 	 2016-10-03 22:31:20,154 __main__     INFO     Config path is: I:\Dropbox\DedosMedia\keshot\monitor\config and exists: True
setup.py:144 	 2016-10-03 22:31:20,158 __main__     INFO     Watch path is: I:\Dropbox\DedosMedia\keshot\monitor\watch and exists: True
setup.py:185 	 2016-10-03 22:31:20,328 __main__     INFO     Container created: {u'Id': u'7c19b59fd8b983607d1e20b657134446a5821ccaa202fd28883ff4fe02069918', u'Warnings': None}
setup.py:189 	 2016-10-03 22:31:20,693 __main__     INFO     Container started correctly. Monitoring: I:\Dropbox\DedosMedia\keshot\monitor\watch\input.jpg
monitor.py:170 	 2016-10-04 03:30:54,976 __main__     INFO     Monitor: Logging successfully initialized
monitor.py:46 	 2016-10-04 03:30:54,979 __main__     INFO     /app/watch/input.jpg
setup.py:314 	 2016-10-03 22:32:17,003 __main__     INFO     ================================
setup.py:315 	 2016-10-03 22:32:17,006 __main__     INFO     Logging successfully initialized
setup.py:316 	 2016-10-03 22:32:17,009 __main__     INFO     ================================
setup.py:86 	 2016-10-03 22:32:17,032 __main__     INFO     dedosmedia-monitor containers in host: 1
setup.py:89 	 2016-10-03 22:32:17,038 __main__     INFO     Stopping or removing old container 7c19b59fd8b983607d1e20b657134446a5821ccaa202fd28883ff4fe02069918
setup.py:95 	 2016-10-03 22:32:17,079 __main__     INFO     Building container...
setup.py:113 	 2016-10-03 22:32:17,292 __main__     INFO     Container built succesfully.
setup.py:140 	 2016-10-03 22:32:17,296 __main__     INFO     Config path is: I:\Dropbox\DedosMedia\keshot\monitor\config and exists: True
setup.py:144 	 2016-10-03 22:32:17,305 __main__     INFO     Watch path is: I:\Dropbox\DedosMedia\keshot\monitor\watch and exists: True
setup.py:185 	 2016-10-03 22:32:17,453 __main__     INFO     Container created: {u'Id': u'54710b0b80e780637cbe763ec26cdb4380277e45cc667c5a69a574b702e5b855', u'Warnings': None}
setup.py:189 	 2016-10-03 22:32:17,822 __main__     INFO     Container started correctly. Monitoring: I:\Dropbox\DedosMedia\keshot\monitor\watch\input.jpg
monitor.py:170 	 2016-10-04 03:31:52,095 __main__     INFO     Monitor: Logging successfully initialized
monitor.py:46 	 2016-10-04 03:31:52,097 __main__     INFO     /app/watch/input.jpg
setup.py:318 	 2016-10-03 22:36:22,858 __main__     INFO     ================================
setup.py:319 	 2016-10-03 22:36:22,862 __main__     INFO     Logging successfully initialized
setup.py:320 	 2016-10-03 22:36:22,865 __main__     INFO     ================================
setup.py:87 	 2016-10-03 22:36:22,888 __main__     INFO     dedosmedia-monitor containers in host: 1
setup.py:90 	 2016-10-03 22:36:22,892 __main__     INFO     Stopping or removing old container 54710b0b80e780637cbe763ec26cdb4380277e45cc667c5a69a574b702e5b855
setup.py:96 	 2016-10-03 22:36:22,950 __main__     INFO     Building container...
setup.py:114 	 2016-10-03 22:36:23,148 __main__     INFO     Container built succesfully.
setup.py:141 	 2016-10-03 22:36:23,153 __main__     INFO     Config path is: I:\Dropbox\DedosMedia\keshot\monitor\config and exists: True
setup.py:145 	 2016-10-03 22:36:23,160 __main__     INFO     Watch path is: I:\Dropbox\DedosMedia\keshot\monitor\watch and exists: True
setup.py:186 	 2016-10-03 22:36:23,328 __main__     INFO     Container created: {u'Id': u'e312c98ac430e43505cff32209593463fba29c79c09c010fbbbd56cf7b40864d', u'Warnings': None}
setup.py:190 	 2016-10-03 22:36:23,760 __main__     INFO     Container started correctly. Monitoring: I:\Dropbox\DedosMedia\keshot\monitor\watch\input.jpg
monitor.py:170 	 2016-10-04 03:35:58,067 __main__     INFO     Monitor: Logging successfully initialized
monitor.py:46 	 2016-10-04 03:35:58,069 __main__     INFO     /app/watch/input.jpg
setup.py:318 	 2016-10-03 22:38:41,236 __main__     INFO     ================================
setup.py:319 	 2016-10-03 22:38:41,240 __main__     INFO     Logging successfully initialized
setup.py:320 	 2016-10-03 22:38:41,243 __main__     INFO     ================================
setup.py:87 	 2016-10-03 22:38:41,267 __main__     INFO     dedosmedia-monitor containers in host: 1
setup.py:90 	 2016-10-03 22:38:41,273 __main__     INFO     Stopping or removing old container e312c98ac430e43505cff32209593463fba29c79c09c010fbbbd56cf7b40864d
setup.py:96 	 2016-10-03 22:38:41,319 __main__     INFO     Building container...
setup.py:114 	 2016-10-03 22:38:41,502 __main__     INFO     Container built succesfully.
setup.py:141 	 2016-10-03 22:38:41,507 __main__     INFO     Config path is: I:\Dropbox\DedosMedia\keshot\monitor\config and exists: True
setup.py:145 	 2016-10-03 22:38:41,513 __main__     INFO     Watch path is: I:\Dropbox\DedosMedia\keshot\monitor\watch and exists: True
setup.py:186 	 2016-10-03 22:38:41,696 __main__     INFO     Container created: {u'Id': u'5e8a544b88803171d00f7a63f5b4fb6b386bc2c01af96003327502a460960d7f', u'Warnings': None}
setup.py:190 	 2016-10-03 22:38:42,062 __main__     INFO     Container started correctly. Monitoring: I:\Dropbox\DedosMedia\keshot\monitor\watch\input.jpg
monitor.py:170 	 2016-10-04 03:38:16,356 __main__     INFO     Monitor: Logging successfully initialized
monitor.py:46 	 2016-10-04 03:38:16,359 __main__     INFO     /app/watch/input.jpg
setup.py:252 	 2016-10-03 22:38:45,782 __main__     INFO     Exiting container 5e8a544b88803171d00f7a63f5b4fb6b386bc2c01af96003327502a460960d7f
setup.py:318 	 2016-10-03 22:39:03,099 __main__     INFO     ================================
setup.py:319 	 2016-10-03 22:39:03,104 __main__     INFO     Logging successfully initialized
setup.py:320 	 2016-10-03 22:39:03,108 __main__     INFO     ================================
setup.py:87 	 2016-10-03 22:39:03,311 __main__     INFO     dedosmedia-monitor containers in host: 0
setup.py:96 	 2016-10-03 22:39:03,313 __main__     INFO     Building container...
setup.py:114 	 2016-10-03 22:39:03,513 __main__     INFO     Container built succesfully.
setup.py:141 	 2016-10-03 22:39:03,523 __main__     INFO     Config path is: I:\Dropbox\DedosMedia\keshot\monitor\config and exists: True
setup.py:145 	 2016-10-03 22:39:03,528 __main__     INFO     Watch path is: I:\Dropbox\DedosMedia\keshot\monitor\watch and exists: True
setup.py:186 	 2016-10-03 22:39:03,688 __main__     INFO     Container created: {u'Id': u'69846ae4679c932a306d8e7f49e716174366e46c03cb1e0f3621bcddca6bd74b', u'Warnings': None}
setup.py:190 	 2016-10-03 22:39:04,032 __main__     INFO     Container started correctly. Monitoring: I:\Dropbox\DedosMedia\keshot\monitor\watch\input.jpg
monitor.py:170 	 2016-10-04 03:38:38,353 __main__     INFO     Monitor: Logging successfully initialized
monitor.py:46 	 2016-10-04 03:38:38,355 __main__     INFO     /app/watch/input.jpg
setup.py:318 	 2016-10-03 22:55:01,121 __main__     INFO     ================================
setup.py:319 	 2016-10-03 22:55:01,124 __main__     INFO     Logging successfully initialized
setup.py:320 	 2016-10-03 22:55:01,128 __main__     INFO     ================================
setup.py:87 	 2016-10-03 22:55:01,158 __main__     INFO     dedosmedia-monitor containers in host: 1
setup.py:90 	 2016-10-03 22:55:01,163 __main__     INFO     Stopping or removing old container 69846ae4679c932a306d8e7f49e716174366e46c03cb1e0f3621bcddca6bd74b
setup.py:96 	 2016-10-03 22:55:01,217 __main__     INFO     Building container...
setup.py:114 	 2016-10-03 22:55:01,447 __main__     INFO     Container built succesfully.
setup.py:141 	 2016-10-03 22:55:01,450 __main__     INFO     Config path is: I:\Dropbox\DedosMedia\keshot\monitor\config and exists: True
setup.py:145 	 2016-10-03 22:55:01,457 __main__     INFO     Watch path is: I:\Dropbox\DedosMedia\keshot\monitor\watch and exists: True
setup.py:186 	 2016-10-03 22:55:01,632 __main__     INFO     Container created: {u'Id': u'ae9c8f382156a71160ad5c771d4ed6629426eef649de556a66dae3b4b46c6e1b', u'Warnings': None}
setup.py:318 	 2016-10-03 22:56:09,424 __main__     INFO     ================================
setup.py:319 	 2016-10-03 22:56:09,427 __main__     INFO     Logging successfully initialized
setup.py:320 	 2016-10-03 22:56:09,430 __main__     INFO     ================================
setup.py:87 	 2016-10-03 22:56:09,453 __main__     INFO     dedosmedia-monitor containers in host: 1
setup.py:90 	 2016-10-03 22:56:09,457 __main__     INFO     Stopping or removing old container ae9c8f382156a71160ad5c771d4ed6629426eef649de556a66dae3b4b46c6e1b
setup.py:96 	 2016-10-03 22:56:09,494 __main__     INFO     Building container...
setup.py:114 	 2016-10-03 22:56:09,701 __main__     INFO     Container built succesfully.
setup.py:141 	 2016-10-03 22:56:09,707 __main__     INFO     Config path is: I:\Dropbox\DedosMedia\keshot\monitor\config and exists: True
setup.py:145 	 2016-10-03 22:56:09,716 __main__     INFO     Watch path is: I:\Dropbox\DedosMedia\keshot\monitor\watch and exists: True
setup.py:186 	 2016-10-03 22:56:09,862 __main__     INFO     Container created: {u'Id': u'bee51dd4a16af34afcd1a0310854073d6cee68fcb3265a202aba876c8d995326', u'Warnings': None}
setup.py:190 	 2016-10-03 22:56:10,223 __main__     INFO     Container started correctly. Monitoring: I:\Dropbox\DedosMedia\keshot\monitor\watch\input.jpg
monitor.py:170 	 2016-10-04 03:55:44,504 __main__     INFO     Monitor: Logging successfully initialized
monitor.py:46 	 2016-10-04 03:55:44,506 __main__     INFO     /app/watch/input.jpg
setup.py:252 	 2016-10-03 22:56:25,092 __main__     INFO     Exiting container bee51dd4a16af34afcd1a0310854073d6cee68fcb3265a202aba876c8d995326
setup.py:318 	 2016-10-03 22:57:12,048 __main__     INFO     ================================
setup.py:319 	 2016-10-03 22:57:12,051 __main__     INFO     Logging successfully initialized
setup.py:320 	 2016-10-03 22:57:12,053 __main__     INFO     ================================
setup.py:87 	 2016-10-03 22:57:12,102 __main__     INFO     dedosmedia-monitor containers in host: 0
setup.py:96 	 2016-10-03 22:57:12,107 __main__     INFO     Building container...
setup.py:114 	 2016-10-03 22:57:12,296 __main__     INFO     Container built succesfully.
setup.py:141 	 2016-10-03 22:57:12,299 __main__     INFO     Config path is: I:\Dropbox\DedosMedia\keshot\monitor\config and exists: True
setup.py:145 	 2016-10-03 22:57:12,306 __main__     INFO     Watch path is: I:\Dropbox\DedosMedia\keshot\monitor\watch and exists: True
setup.py:186 	 2016-10-03 22:57:12,454 __main__     INFO     Container created: {u'Id': u'6464c0d2a2e6662818b69ad21ccb57708144b8ddb6376477ceea151fa5a6a21d', u'Warnings': None}
setup.py:190 	 2016-10-03 22:57:12,836 __main__     INFO     Container started correctly. Monitoring: I:\Dropbox\DedosMedia\keshot\monitor\watch\input.jpg
monitor.py:170 	 2016-10-04 03:56:47,127 __main__     INFO     Monitor: Logging successfully initialized
monitor.py:46 	 2016-10-04 03:56:47,130 __main__     INFO     /app/watch/input.jpg
setup.py:318 	 2016-10-03 22:58:07,157 __main__     INFO     ================================
setup.py:319 	 2016-10-03 22:58:07,161 __main__     INFO     Logging successfully initialized
setup.py:320 	 2016-10-03 22:58:07,164 __main__     INFO     ================================
setup.py:87 	 2016-10-03 22:58:07,184 __main__     INFO     dedosmedia-monitor containers in host: 1
setup.py:90 	 2016-10-03 22:58:07,190 __main__     INFO     Stopping or removing old container 6464c0d2a2e6662818b69ad21ccb57708144b8ddb6376477ceea151fa5a6a21d
setup.py:96 	 2016-10-03 22:58:17,565 __main__     INFO     Building container...
setup.py:114 	 2016-10-03 22:58:17,733 __main__     INFO     Container built succesfully.
setup.py:141 	 2016-10-03 22:58:17,736 __main__     INFO     Config path is: I:\Dropbox\DedosMedia\keshot\monitor\config and exists: True
setup.py:145 	 2016-10-03 22:58:17,742 __main__     INFO     Watch path is: I:\Dropbox\DedosMedia\keshot\monitor\watch and exists: True
setup.py:186 	 2016-10-03 22:58:17,864 __main__     INFO     Container created: {u'Id': u'0709e4cc72a50e488ecac3736e167622a9b68fe7152d84398841483e9e64ef0a', u'Warnings': None}
setup.py:190 	 2016-10-03 22:58:18,259 __main__     INFO     Container started correctly. Monitoring: I:\Dropbox\DedosMedia\keshot\monitor\watch\input.jpg
monitor.py:170 	 2016-10-04 03:57:52,568 __main__     INFO     Monitor: Logging successfully initialized
monitor.py:46 	 2016-10-04 03:57:52,571 __main__     INFO     /app/watch/input.jpg
setup.py:252 	 2016-10-03 22:58:27,220 __main__     INFO     Exiting container 0709e4cc72a50e488ecac3736e167622a9b68fe7152d84398841483e9e64ef0a
setup.py:320 	 2016-10-03 23:03:45,184 __main__     INFO     ================================
setup.py:321 	 2016-10-03 23:03:45,188 __main__     INFO     Logging successfully initialized
setup.py:322 	 2016-10-03 23:03:45,191 __main__     INFO     ================================
setup.py:87 	 2016-10-03 23:03:45,246 __main__     INFO     dedosmedia-monitor containers in host: 0
setup.py:96 	 2016-10-03 23:03:45,250 __main__     INFO     Building container...
setup.py:114 	 2016-10-03 23:03:45,436 __main__     INFO     Container built succesfully.
setup.py:141 	 2016-10-03 23:03:45,440 __main__     INFO     Config path is: I:\Dropbox\DedosMedia\keshot\monitor\config and exists: True
setup.py:145 	 2016-10-03 23:03:45,447 __main__     INFO     Watch path is: I:\Dropbox\DedosMedia\keshot\monitor\watch and exists: True
setup.py:186 	 2016-10-03 23:03:45,572 __main__     INFO     Container created: {u'Id': u'feb6ee2dcf31541fe4dbd6da48f8241a97448bfaf4fcd5276d9f0100fc532c06', u'Warnings': None}
setup.py:190 	 2016-10-03 23:03:45,933 __main__     INFO     Container started correctly. Monitoring: I:\Dropbox\DedosMedia\keshot\monitor\watch\input.jpg
monitor.py:170 	 2016-10-04 04:03:20,216 __main__     INFO     Monitor: Logging successfully initialized
monitor.py:46 	 2016-10-04 04:03:20,218 __main__     INFO     /app/watch/input.jpg
setup.py:369 	 2016-10-03 23:03:48,216 __main__     INFO     Cleaning up and exiting
setup.py:252 	 2016-10-03 23:03:58,647 __main__     INFO     Exiting container feb6ee2dcf31541fe4dbd6da48f8241a97448bfaf4fcd5276d9f0100fc532c06
setup.py:324 	 2016-10-03 23:05:29,161 __main__     INFO     ================================
setup.py:325 	 2016-10-03 23:05:29,164 __main__     INFO     Logging successfully initialized
setup.py:326 	 2016-10-03 23:05:29,168 __main__     INFO     ================================
setup.py:90 	 2016-10-03 23:05:29,210 __main__     INFO     dedosmedia-monitor containers in host: 0
setup.py:99 	 2016-10-03 23:05:29,213 __main__     INFO     Building container...
setup.py:117 	 2016-10-03 23:05:29,390 __main__     INFO     Container built succesfully.
setup.py:144 	 2016-10-03 23:05:29,394 __main__     INFO     Config path is: I:\Dropbox\DedosMedia\keshot\monitor\config and exists: True
setup.py:148 	 2016-10-03 23:05:29,400 __main__     INFO     Watch path is: I:\Dropbox\DedosMedia\keshot\monitor\watch and exists: True
setup.py:189 	 2016-10-03 23:05:29,533 __main__     INFO     Container created: {u'Id': u'613147a142d85f6a7cf770e34fc1bd43f50481ff0701961216ce0e68a71cac76', u'Warnings': None}
setup.py:193 	 2016-10-03 23:05:29,855 __main__     INFO     Container started correctly. Monitoring: I:\Dropbox\DedosMedia\keshot\monitor\watch\input.jpg
monitor.py:170 	 2016-10-04 04:05:04,133 __main__     INFO     Monitor: Logging successfully initialized
monitor.py:46 	 2016-10-04 04:05:04,135 __main__     INFO     /app/watch/input.jpg
setup.py:373 	 2016-10-03 23:05:31,927 __main__     INFO     Cleaning up and exiting
setup.py:324 	 2016-10-03 23:05:57,121 __main__     INFO     ================================
setup.py:325 	 2016-10-03 23:05:57,125 __main__     INFO     Logging successfully initialized
setup.py:326 	 2016-10-03 23:05:57,128 __main__     INFO     ================================
setup.py:90 	 2016-10-03 23:05:57,167 __main__     INFO     dedosmedia-monitor containers in host: 0
setup.py:99 	 2016-10-03 23:05:57,171 __main__     INFO     Building container...
setup.py:117 	 2016-10-03 23:05:57,365 __main__     INFO     Container built succesfully.
setup.py:144 	 2016-10-03 23:05:57,368 __main__     INFO     Config path is: I:\Dropbox\DedosMedia\keshot\monitor\config and exists: True
setup.py:148 	 2016-10-03 23:05:57,375 __main__     INFO     Watch path is: I:\Dropbox\DedosMedia\keshot\monitor\watch and exists: True
setup.py:189 	 2016-10-03 23:05:57,530 __main__     INFO     Container created: {u'Id': u'1bee2e0cedae57384e30050d3a69de35c954bacc2e1fea7646873ef8236e5638', u'Warnings': None}
setup.py:193 	 2016-10-03 23:05:57,943 __main__     INFO     Container started correctly. Monitoring: I:\Dropbox\DedosMedia\keshot\monitor\watch\input.jpg
monitor.py:170 	 2016-10-04 04:05:32,226 __main__     INFO     Monitor: Logging successfully initialized
monitor.py:46 	 2016-10-04 04:05:32,228 __main__     INFO     /app/watch/input.jpg
setup.py:373 	 2016-10-03 23:06:00,374 __main__     INFO     Cleaning up and exiting
setup.py:324 	 2016-10-03 23:10:53,690 __main__     INFO     ================================
setup.py:325 	 2016-10-03 23:10:53,694 __main__     INFO     Logging successfully initialized
setup.py:326 	 2016-10-03 23:10:53,697 __main__     INFO     ================================
setup.py:90 	 2016-10-03 23:10:53,711 __main__     INFO     dedosmedia-monitor containers in host: 1
setup.py:93 	 2016-10-03 23:10:53,717 __main__     INFO     Stopping or removing old container 1bee2e0cedae57384e30050d3a69de35c954bacc2e1fea7646873ef8236e5638
setup.py:99 	 2016-10-03 23:10:53,759 __main__     INFO     Building container...
setup.py:117 	 2016-10-03 23:11:13,053 __main__     INFO     Container built succesfully.
setup.py:144 	 2016-10-03 23:11:13,056 __main__     INFO     Config path is: I:\Dropbox\DedosMedia\keshot\monitor\config and exists: True
setup.py:148 	 2016-10-03 23:11:13,062 __main__     INFO     Watch path is: I:\Dropbox\DedosMedia\keshot\monitor\watch and exists: True
setup.py:189 	 2016-10-03 23:11:13,207 __main__     INFO     Container created: {u'Id': u'5ac17965978c7d5a92d74f23d6af7441dbc9430feafa2f13ad2b600007de676c', u'Warnings': None}
setup.py:193 	 2016-10-03 23:11:13,572 __main__     INFO     Container started correctly. Monitoring: I:\Dropbox\DedosMedia\keshot\monitor\watch\input.jpg
setup.py:373 	 2016-10-03 23:12:04,242 __main__     INFO     Cleaning up and exiting
setup.py:324 	 2016-10-03 23:12:08,841 __main__     INFO     ================================
setup.py:325 	 2016-10-03 23:12:08,845 __main__     INFO     Logging successfully initialized
setup.py:326 	 2016-10-03 23:12:08,848 __main__     INFO     ================================
setup.py:90 	 2016-10-03 23:12:08,892 __main__     INFO     dedosmedia-monitor containers in host: 0
setup.py:99 	 2016-10-03 23:12:08,895 __main__     INFO     Building container...
setup.py:117 	 2016-10-03 23:12:26,028 __main__     INFO     Container built succesfully.
setup.py:144 	 2016-10-03 23:12:26,036 __main__     INFO     Config path is: I:\Dropbox\DedosMedia\keshot\monitor\config and exists: True
setup.py:148 	 2016-10-03 23:12:26,049 __main__     INFO     Watch path is: I:\Dropbox\DedosMedia\keshot\monitor\watch and exists: True
setup.py:189 	 2016-10-03 23:12:26,210 __main__     INFO     Container created: {u'Id': u'be85d3e06900f2723a269794a23d82338e3f06013de3f7446e5334f42837ea58', u'Warnings': None}
setup.py:193 	 2016-10-03 23:12:26,582 __main__     INFO     Container started correctly. Monitoring: I:\Dropbox\DedosMedia\keshot\monitor\watch\input.jpg
monitor.py:170 	 2016-10-04 04:12:00,884 __main__     INFO     Monitor: Logging successfully initialized
monitor.py:46 	 2016-10-04 04:12:00,886 __main__     INFO     /app/watch/input.jpg
setup.py:373 	 2016-10-03 23:12:46,082 __main__     INFO     Cleaning up and exiting
setup.py:324 	 2016-10-03 23:41:20,286 __main__     INFO     ================================
setup.py:325 	 2016-10-03 23:41:20,289 __main__     INFO     Logging successfully initialized
setup.py:326 	 2016-10-03 23:41:20,292 __main__     INFO     ================================
setup.py:90 	 2016-10-03 23:41:20,344 __main__     INFO     dedosmedia-monitor containers in host: 0
setup.py:99 	 2016-10-03 23:41:20,346 __main__     INFO     Building container...
setup.py:117 	 2016-10-03 23:41:41,108 __main__     INFO     Container built succesfully.
setup.py:144 	 2016-10-03 23:41:41,108 __main__     INFO     Config path is: I:\Dropbox\DedosMedia\keshot\monitor\config and exists: True
setup.py:148 	 2016-10-03 23:41:41,118 __main__     INFO     Watch path is: I:\Dropbox\DedosMedia\keshot\monitor\watch and exists: True
setup.py:189 	 2016-10-03 23:41:41,285 __main__     INFO     Container created: {u'Id': u'f8787f461e94bf311d22af3e789d25653be5b8eb93907310dee51c9e044c8417', u'Warnings': None}
setup.py:193 	 2016-10-03 23:41:41,642 __main__     INFO     Container started correctly. Monitoring: I:\Dropbox\DedosMedia\keshot\monitor\watch\input.jpg
monitor.py:170 	 2016-10-04 04:41:15,921 __main__     INFO     Monitor: Logging successfully initialized
monitor.py:46 	 2016-10-04 04:41:15,923 __main__     INFO     /app/watch/input.jpg
setup.py:373 	 2016-10-03 23:41:46,592 __main__     INFO     Cleaning up and exiting
setup.py:256 	 2016-10-03 23:41:46,618 __main__     INFO     Exiting container f8787f461e94bf311d22af3e789d25653be5b8eb93907310dee51c9e044c8417
setup.py:324 	 2016-10-03 23:42:36,979 __main__     INFO     ================================
setup.py:325 	 2016-10-03 23:42:36,982 __main__     INFO     Logging successfully initialized
setup.py:326 	 2016-10-03 23:42:36,986 __main__     INFO     ================================
setup.py:90 	 2016-10-03 23:42:37,013 __main__     INFO     dedosmedia-monitor containers in host: 1
setup.py:93 	 2016-10-03 23:42:37,017 __main__     INFO     Stopping or removing old container f8787f461e94bf311d22af3e789d25653be5b8eb93907310dee51c9e044c8417
setup.py:99 	 2016-10-03 23:42:47,469 __main__     INFO     Building container...
setup.py:117 	 2016-10-03 23:42:47,673 __main__     INFO     Container built succesfully.
setup.py:144 	 2016-10-03 23:42:47,677 __main__     INFO     Config path is: I:\Dropbox\DedosMedia\keshot\monitor\config and exists: True
setup.py:148 	 2016-10-03 23:42:47,691 __main__     INFO     Watch path is: I:\Dropbox\DedosMedia\keshot\monitor\watch and exists: True
setup.py:189 	 2016-10-03 23:42:47,869 __main__     INFO     Container created: {u'Id': u'c1ae0307d41ea766b2c1e1aef9dda16847b12f87ffd73778a97b550912d18922', u'Warnings': None}
setup.py:193 	 2016-10-03 23:42:48,286 __main__     INFO     Container started correctly. Monitoring: I:\Dropbox\DedosMedia\keshot\monitor\watch\input.jpg
monitor.py:170 	 2016-10-04 04:42:22,571 __main__     INFO     Monitor: Logging successfully initialized
monitor.py:46 	 2016-10-04 04:42:22,573 __main__     INFO     /app/watch/input.jpg
setup.py:373 	 2016-10-03 23:43:07,375 __main__     INFO     Cleaning up and exiting
setup.py:256 	 2016-10-03 23:43:07,480 __main__     INFO     Exiting container c1ae0307d41ea766b2c1e1aef9dda16847b12f87ffd73778a97b550912d18922
setup.py:324 	 2016-10-03 23:45:51,124 __main__     INFO     ================================
setup.py:325 	 2016-10-03 23:45:51,128 __main__     INFO     Logging successfully initialized
setup.py:326 	 2016-10-03 23:45:51,131 __main__     INFO     ================================
setup.py:90 	 2016-10-03 23:45:51,151 __main__     INFO     dedosmedia-monitor containers in host: 1
setup.py:93 	 2016-10-03 23:45:51,154 __main__     INFO     Stopping or removing old container c1ae0307d41ea766b2c1e1aef9dda16847b12f87ffd73778a97b550912d18922
setup.py:99 	 2016-10-03 23:46:01,569 __main__     INFO     Building container...
setup.py:117 	 2016-10-03 23:46:01,762 __main__     INFO     Container built succesfully.
setup.py:144 	 2016-10-03 23:46:01,766 __main__     INFO     Config path is: I:\Dropbox\DedosMedia\keshot\monitor\config and exists: True
setup.py:148 	 2016-10-03 23:46:01,772 __main__     INFO     Watch path is: I:\Dropbox\DedosMedia\keshot\monitor\watch and exists: True
setup.py:189 	 2016-10-03 23:46:01,924 __main__     INFO     Container created: {u'Id': u'5fd842c919a4825d7925596a377e355edce29328b1f4855ef8b9e378473ae715', u'Warnings': None}
setup.py:193 	 2016-10-03 23:46:02,296 __main__     INFO     Container started correctly. Monitoring: I:\Dropbox\DedosMedia\keshot\monitor\watch\input.jpg
monitor.py:170 	 2016-10-04 04:45:36,618 __main__     INFO     Monitor: Logging successfully initialized
monitor.py:46 	 2016-10-04 04:45:36,621 __main__     INFO     /app/watch/input.jpg
setup.py:373 	 2016-10-03 23:46:16,684 __main__     INFO     Cleaning up and exiting
setup.py:256 	 2016-10-03 23:46:16,729 __main__     INFO     Exiting container 5fd842c919a4825d7925596a377e355edce29328b1f4855ef8b9e378473ae715
setup.py:324 	 2016-10-03 23:50:54,841 __main__     INFO     ================================
setup.py:325 	 2016-10-03 23:50:54,844 __main__     INFO     Logging successfully initialized
setup.py:326 	 2016-10-03 23:50:54,848 __main__     INFO     ================================
setup.py:90 	 2016-10-03 23:50:54,868 __main__     INFO     dedosmedia-monitor containers in host: 1
setup.py:93 	 2016-10-03 23:50:54,868 __main__     INFO     Stopping or removing old container 5fd842c919a4825d7925596a377e355edce29328b1f4855ef8b9e378473ae715
setup.py:99 	 2016-10-03 23:51:05,243 __main__     INFO     Building container...
setup.py:117 	 2016-10-03 23:51:05,430 __main__     INFO     Container built succesfully.
setup.py:144 	 2016-10-03 23:51:05,434 __main__     INFO     Config path is: I:\Dropbox\DedosMedia\keshot\monitor\config and exists: True
setup.py:148 	 2016-10-03 23:51:05,441 __main__     INFO     Watch path is: I:\Dropbox\DedosMedia\keshot\monitor\watch and exists: True
setup.py:189 	 2016-10-03 23:51:05,573 __main__     INFO     Container created: {u'Id': u'a7ec2df136c40e74dd08a6ff974a4c4047f72ba674010530a24dbd1c5fc6742c', u'Warnings': None}
setup.py:193 	 2016-10-03 23:51:05,951 __main__     INFO     Container started correctly. Monitoring: I:\Dropbox\DedosMedia\keshot\monitor\watch\input.jpg
monitor.py:170 	 2016-10-04 04:50:40,280 __main__     INFO     Monitor: Logging successfully initialized
monitor.py:46 	 2016-10-04 04:50:40,303 __main__     INFO     /app/watch/input.jpg
setup.py:373 	 2016-10-03 23:51:08,937 __main__     INFO     Cleaning up and exiting
setup.py:376 	 2016-10-03 23:51:08,960 __main__     INFO     KILL 
setup.py:327 	 2016-10-03 23:52:12,914 __main__     INFO     ================================
setup.py:328 	 2016-10-03 23:52:12,917 __main__     INFO     Logging successfully initialized
setup.py:329 	 2016-10-03 23:52:12,921 __main__     INFO     ================================
setup.py:90 	 2016-10-03 23:52:12,940 __main__     INFO     dedosmedia-monitor containers in host: 1
setup.py:93 	 2016-10-03 23:52:12,944 __main__     INFO     Stopping or removing old container a7ec2df136c40e74dd08a6ff974a4c4047f72ba674010530a24dbd1c5fc6742c
setup.py:327 	 2016-10-03 23:56:49,989 __main__     INFO     ================================
setup.py:328 	 2016-10-03 23:56:49,992 __main__     INFO     Logging successfully initialized
setup.py:329 	 2016-10-03 23:56:49,996 __main__     INFO     ================================
setup.py:90 	 2016-10-03 23:56:50,016 __main__     INFO     dedosmedia-monitor containers in host: 1
setup.py:93 	 2016-10-03 23:56:50,020 __main__     INFO     Stopping or removing old container a7ec2df136c40e74dd08a6ff974a4c4047f72ba674010530a24dbd1c5fc6742c
setup.py:327 	 2016-10-03 23:57:52,319 __main__     INFO     ================================
setup.py:328 	 2016-10-03 23:57:52,322 __main__     INFO     Logging successfully initialized
setup.py:329 	 2016-10-03 23:57:52,325 __main__     INFO     ================================
setup.py:90 	 2016-10-03 23:57:52,345 __main__     INFO     dedosmedia-monitor containers in host: 1
setup.py:93 	 2016-10-03 23:57:52,349 __main__     INFO     Stopping or removing old container a7ec2df136c40e74dd08a6ff974a4c4047f72ba674010530a24dbd1c5fc6742c
setup.py:102 	 2016-10-03 23:57:52,408 __main__     INFO     Building container...
setup.py:120 	 2016-10-03 23:58:09,901 __main__     INFO     Container built succesfully.
setup.py:147 	 2016-10-03 23:58:09,908 __main__     INFO     Config path is: I:\Dropbox\DedosMedia\keshot\monitor\config and exists: True
setup.py:151 	 2016-10-03 23:58:09,914 __main__     INFO     Watch path is: I:\Dropbox\DedosMedia\keshot\monitor\watch and exists: True
setup.py:192 	 2016-10-03 23:58:10,065 __main__     INFO     Container created: {u'Id': u'1b5aac09590d961d6e7b3566f15767166b99863951b87c10d475e46ad15d591a', u'Warnings': None}
setup.py:196 	 2016-10-03 23:58:10,466 __main__     INFO     Container started correctly. Monitoring: I:\Dropbox\DedosMedia\keshot\monitor\watch\input.jpg
monitor.py:170 	 2016-10-04 04:57:44,726 __main__     INFO     Monitor: Logging successfully initialized
monitor.py:46 	 2016-10-04 04:57:44,729 __main__     INFO     /app/watch/input.jpg
setup.py:376 	 2016-10-04 00:01:01,267 __main__     INFO     Cleaning up and exiting
setup.py:259 	 2016-10-04 00:01:01,342 __main__     INFO     Exiting container 1b5aac09590d961d6e7b3566f15767166b99863951b87c10d475e46ad15d591a
setup.py:327 	 2016-10-04 00:01:03,502 __main__     INFO     ================================
setup.py:328 	 2016-10-04 00:01:03,505 __main__     INFO     Logging successfully initialized
setup.py:329 	 2016-10-04 00:01:03,509 __main__     INFO     ================================
setup.py:90 	 2016-10-04 00:01:03,529 __main__     INFO     dedosmedia-monitor containers in host: 1
setup.py:93 	 2016-10-04 00:01:03,533 __main__     INFO     Stopping or removing old container 1b5aac09590d961d6e7b3566f15767166b99863951b87c10d475e46ad15d591a
setup.py:102 	 2016-10-04 00:01:03,594 __main__     INFO     Building container...
setup.py:120 	 2016-10-04 00:01:03,779 __main__     INFO     Container built succesfully.
setup.py:147 	 2016-10-04 00:01:03,782 __main__     INFO     Config path is: I:\Dropbox\DedosMedia\keshot\monitor\config and exists: True
setup.py:151 	 2016-10-04 00:01:03,789 __main__     INFO     Watch path is: I:\Dropbox\DedosMedia\keshot\monitor\watch and exists: True
setup.py:192 	 2016-10-04 00:01:03,953 __main__     INFO     Container created: {u'Id': u'aee66da1e7b81e5f34590404d69b1e3d576315109f54535141866e16d356e061', u'Warnings': None}
setup.py:196 	 2016-10-04 00:01:04,302 __main__     INFO     Container started correctly. Monitoring: I:\Dropbox\DedosMedia\keshot\monitor\watch\input.jpg
monitor.py:170 	 2016-10-04 05:00:38,607 __main__     INFO     Monitor: Logging successfully initialized
monitor.py:46 	 2016-10-04 05:00:38,610 __main__     INFO     /app/watch/input.jpg
setup.py:376 	 2016-10-04 00:02:03,907 __main__     INFO     Cleaning up and exiting
setup.py:259 	 2016-10-04 00:02:03,980 __main__     INFO     Exiting container aee66da1e7b81e5f34590404d69b1e3d576315109f54535141866e16d356e061
setup.py:327 	 2016-10-04 00:02:08,473 __main__     INFO     ================================
setup.py:328 	 2016-10-04 00:02:08,476 __main__     INFO     Logging successfully initialized
setup.py:329 	 2016-10-04 00:02:08,480 __main__     INFO     ================================
setup.py:90 	 2016-10-04 00:02:08,497 __main__     INFO     dedosmedia-monitor containers in host: 1
setup.py:93 	 2016-10-04 00:02:08,502 __main__     INFO     Stopping or removing old container aee66da1e7b81e5f34590404d69b1e3d576315109f54535141866e16d356e061
setup.py:102 	 2016-10-04 00:02:08,551 __main__     INFO     Building container...
setup.py:120 	 2016-10-04 00:02:08,723 __main__     INFO     Container built succesfully.
setup.py:147 	 2016-10-04 00:02:08,726 __main__     INFO     Config path is: I:\Dropbox\DedosMedia\keshot\monitor\config and exists: True
setup.py:151 	 2016-10-04 00:02:08,733 __main__     INFO     Watch path is: I:\Dropbox\DedosMedia\keshot\monitor\watch and exists: True
setup.py:192 	 2016-10-04 00:02:08,920 __main__     INFO     Container created: {u'Id': u'8c8c9350dbdee61d9ffed888eb09f76eea5383852ac1e85d4462e9e74751162f', u'Warnings': None}
setup.py:196 	 2016-10-04 00:02:09,259 __main__     INFO     Container started correctly. Monitoring: I:\Dropbox\DedosMedia\keshot\monitor\watch\input.jpg
monitor.py:170 	 2016-10-04 05:01:43,705 __main__     INFO     Monitor: Logging successfully initialized
monitor.py:46 	 2016-10-04 05:01:43,707 __main__     INFO     /app/watch/input.jpg
setup.py:376 	 2016-10-04 00:08:01,279 __main__     INFO     Cleaning up and exiting
setup.py:379 	 2016-10-04 00:08:01,305 __main__     INFO     KILL 
setup.py:327 	 2016-10-04 00:50:43,226 __main__     INFO     ================================
setup.py:328 	 2016-10-04 00:50:43,230 __main__     INFO     Logging successfully initialized
setup.py:329 	 2016-10-04 00:50:43,233 __main__     INFO     ================================
setup.py:90 	 2016-10-04 00:50:43,253 __main__     INFO     dedosmedia-monitor containers in host: 1
setup.py:93 	 2016-10-04 00:50:43,259 __main__     INFO     Stopping or removing old container 8c8c9350dbdee61d9ffed888eb09f76eea5383852ac1e85d4462e9e74751162f
setup.py:102 	 2016-10-04 00:50:43,299 __main__     INFO     Building container...
setup.py:120 	 2016-10-04 00:50:43,984 __main__     INFO     Container built succesfully.
setup.py:147 	 2016-10-04 00:50:43,989 __main__     INFO     Config path is: I:\Dropbox\DedosMedia\keshot\monitor\config and exists: True
setup.py:151 	 2016-10-04 00:50:44,005 __main__     INFO     Watch path is: I:\Dropbox\DedosMedia\keshot\monitor\watch and exists: True
setup.py:192 	 2016-10-04 00:50:44,161 __main__     INFO     Container created: {u'Id': u'deea0e88452e116d5101795cafacd1260c68f1ccd58b85296d85ddaeae02c673', u'Warnings': None}
setup.py:327 	 2016-10-04 00:51:38,134 __main__     INFO     ================================
setup.py:328 	 2016-10-04 00:51:38,138 __main__     INFO     Logging successfully initialized
setup.py:329 	 2016-10-04 00:51:38,141 __main__     INFO     ================================
setup.py:90 	 2016-10-04 00:51:38,186 __main__     INFO     dedosmedia-monitor containers in host: 0
setup.py:102 	 2016-10-04 00:51:38,188 __main__     INFO     Building container...
setup.py:120 	 2016-10-04 00:51:38,362 __main__     INFO     Container built succesfully.
setup.py:147 	 2016-10-04 00:51:38,362 __main__     INFO     Config path is: I:\Dropbox\DedosMedia\keshot\monitor\config and exists: True
setup.py:151 	 2016-10-04 00:51:38,371 __main__     INFO     Watch path is: I:\Dropbox\DedosMedia\keshot\monitor\watch and exists: True
setup.py:192 	 2016-10-04 00:51:38,513 __main__     INFO     Container created: {u'Id': u'0ee2861ac545a41438930be044847905a5e0b83052bff42f8f64abf1b095f726', u'Warnings': None}
setup.py:327 	 2016-10-04 00:53:50,115 __main__     INFO     ================================
setup.py:328 	 2016-10-04 00:53:50,119 __main__     INFO     Logging successfully initialized
setup.py:329 	 2016-10-04 00:53:50,125 __main__     INFO     ================================
setup.py:90 	 2016-10-04 00:53:50,144 __main__     INFO     dedosmedia-monitor containers in host: 1
setup.py:93 	 2016-10-04 00:53:50,151 __main__     INFO     Stopping or removing old container 0ee2861ac545a41438930be044847905a5e0b83052bff42f8f64abf1b095f726
setup.py:102 	 2016-10-04 00:53:50,190 __main__     INFO     Building container...
setup.py:120 	 2016-10-04 00:54:07,351 __main__     INFO     Container built succesfully.
setup.py:147 	 2016-10-04 00:54:07,355 __main__     INFO     Config path is: I:\Dropbox\DedosMedia\keshot\monitor\config and exists: True
setup.py:151 	 2016-10-04 00:54:07,361 __main__     INFO     Watch path is: I:\Dropbox\DedosMedia\keshot\monitor\watch and exists: True
setup.py:192 	 2016-10-04 00:54:07,519 __main__     INFO     Container created: {u'Id': u'3eb24c6711e92f7ceec47524d8ea81454804780ba516d00683f1dcfe4b25c42e', u'Warnings': None}
setup.py:327 	 2016-10-04 00:56:05,842 __main__     INFO     ================================
setup.py:328 	 2016-10-04 00:56:05,845 __main__     INFO     Logging successfully initialized
setup.py:329 	 2016-10-04 00:56:05,848 __main__     INFO     ================================
setup.py:90 	 2016-10-04 00:56:05,868 __main__     INFO     dedosmedia-monitor containers in host: 1
setup.py:93 	 2016-10-04 00:56:05,874 __main__     INFO     Stopping or removing old container 3eb24c6711e92f7ceec47524d8ea81454804780ba516d00683f1dcfe4b25c42e
setup.py:102 	 2016-10-04 00:56:05,913 __main__     INFO     Building container...
setup.py:120 	 2016-10-04 00:56:07,476 __main__     INFO     Container built succesfully.
setup.py:147 	 2016-10-04 00:56:07,476 __main__     INFO     Config path is: I:\Dropbox\DedosMedia\keshot\monitor\config and exists: True
setup.py:151 	 2016-10-04 00:56:07,486 __main__     INFO     Watch path is: I:\Dropbox\DedosMedia\keshot\monitor\watch and exists: True
setup.py:192 	 2016-10-04 00:56:07,653 __main__     INFO     Container created: {u'Id': u'6587f2fb7fb61b630f89cb997e65446e2562c5a1d510c90adbe1fad1fcda6a3c', u'Warnings': None}
setup.py:196 	 2016-10-04 00:56:08,046 __main__     INFO     Container started correctly. Monitoring: I:\Dropbox\DedosMedia\keshot\monitor\watch\input.jpg
monitor.py:170 	 2016-10-04 05:55:42,345 __main__     INFO     Monitor: Logging successfully initialized
monitor.py:46 	 2016-10-04 05:55:42,348 __main__     INFO     /app/watch/input.jpg
monitor.py:215 	 2016-10-04 05:56:19,564 __main__     INFO     Cleaning up and exiting the monitor
setup.py:379 	 2016-10-04 00:56:45,384 __main__     INFO     KILL 
setup.py:327 	 2016-10-04 00:58:43,025 __main__     INFO     ================================
setup.py:328 	 2016-10-04 00:58:43,028 __main__     INFO     Logging successfully initialized
setup.py:329 	 2016-10-04 00:58:43,032 __main__     INFO     ================================
setup.py:90 	 2016-10-04 00:58:43,052 __main__     INFO     dedosmedia-monitor containers in host: 1
setup.py:93 	 2016-10-04 00:58:43,055 __main__     INFO     Stopping or removing old container 6587f2fb7fb61b630f89cb997e65446e2562c5a1d510c90adbe1fad1fcda6a3c
setup.py:102 	 2016-10-04 00:58:43,124 __main__     INFO     Building container...
setup.py:120 	 2016-10-04 00:59:01,553 __main__     INFO     Container built succesfully.
setup.py:147 	 2016-10-04 00:59:01,562 __main__     INFO     Config path is: I:\Dropbox\DedosMedia\keshot\monitor\config and exists: True
setup.py:151 	 2016-10-04 00:59:01,569 __main__     INFO     Watch path is: I:\Dropbox\DedosMedia\keshot\monitor\watch and exists: True
setup.py:192 	 2016-10-04 00:59:01,726 __main__     INFO     Container created: {u'Id': u'5b24aead8fc2ba31ded158a32a3eee66f5e0146385e2103001dff4aff01d6550', u'Warnings': None}
setup.py:196 	 2016-10-04 00:59:02,079 __main__     INFO     Container started correctly. Monitoring: I:\Dropbox\DedosMedia\keshot\monitor\watch\input.jpg
monitor.py:170 	 2016-10-04 05:58:36,384 __main__     INFO     Monitor: Logging successfully initialized
monitor.py:46 	 2016-10-04 05:58:36,388 __main__     INFO     /app/watch/input.jpg
monitor.py:206 	 2016-10-04 05:58:59,083 __main__     INFO     Cleaning up and exiting the monitor
setup.py:379 	 2016-10-04 00:59:24,903 __main__     INFO     KILL 
setup.py:327 	 2016-10-04 00:59:39,648 __main__     INFO     ================================
setup.py:328 	 2016-10-04 00:59:39,651 __main__     INFO     Logging successfully initialized
setup.py:329 	 2016-10-04 00:59:39,655 __main__     INFO     ================================
setup.py:90 	 2016-10-04 00:59:39,676 __main__     INFO     dedosmedia-monitor containers in host: 1
setup.py:93 	 2016-10-04 00:59:39,680 __main__     INFO     Stopping or removing old container 5b24aead8fc2ba31ded158a32a3eee66f5e0146385e2103001dff4aff01d6550
setup.py:102 	 2016-10-04 00:59:39,733 __main__     INFO     Building container...
setup.py:120 	 2016-10-04 00:59:39,933 __main__     INFO     Container built succesfully.
setup.py:147 	 2016-10-04 00:59:39,937 __main__     INFO     Config path is: I:\Dropbox\DedosMedia\keshot\monitor\config and exists: True
setup.py:151 	 2016-10-04 00:59:39,944 __main__     INFO     Watch path is: I:\Dropbox\DedosMedia\keshot\monitor\watch and exists: True
setup.py:192 	 2016-10-04 00:59:40,085 __main__     INFO     Container created: {u'Id': u'07cbba807d6fe749f5fa8de4210d921d8658f2b23da64d1068801b736b2dd10d', u'Warnings': None}
setup.py:196 	 2016-10-04 00:59:40,461 __main__     INFO     Container started correctly. Monitoring: I:\Dropbox\DedosMedia\keshot\monitor\watch\input.jpg
monitor.py:170 	 2016-10-04 05:59:14,790 __main__     INFO     Monitor: Logging successfully initialized
monitor.py:46 	 2016-10-04 05:59:14,792 __main__     INFO     /app/watch/input.jpg
monitor.py:206 	 2016-10-04 05:59:18,863 __main__     INFO     Cleaning up and exiting the monitor
setup.py:379 	 2016-10-04 00:59:44,686 __main__     INFO     KILL 
setup.py:327 	 2016-10-04 13:48:52,605 __main__     INFO     ================================
setup.py:328 	 2016-10-04 13:48:52,609 __main__     INFO     Logging successfully initialized
setup.py:329 	 2016-10-04 13:48:52,611 __main__     INFO     ================================
setup.py:90 	 2016-10-04 13:48:52,635 __main__     INFO     dedosmedia-monitor containers in host: 1
setup.py:93 	 2016-10-04 13:48:52,641 __main__     INFO     Stopping or removing old container 07cbba807d6fe749f5fa8de4210d921d8658f2b23da64d1068801b736b2dd10d
setup.py:102 	 2016-10-04 13:48:52,703 __main__     INFO     Building container...
setup.py:120 	 2016-10-04 13:49:13,503 __main__     INFO     Container built succesfully.
setup.py:147 	 2016-10-04 13:49:13,510 __main__     INFO     Config path is: I:\Dropbox\DedosMedia\keshot\monitor\config and exists: True
setup.py:151 	 2016-10-04 13:49:13,517 __main__     INFO     Watch path is: I:\Dropbox\DedosMedia\keshot\monitor\watch and exists: True
setup.py:192 	 2016-10-04 13:49:13,683 __main__     INFO     Container created: {u'Id': u'b685ad689f41fb5fa7c6aa4be376b16310056031c9d8d377cd46cdcf5169ce45', u'Warnings': None}
setup.py:196 	 2016-10-04 13:49:14,092 __main__     INFO     Container started correctly. Monitoring: I:\Dropbox\DedosMedia\keshot\monitor\watch\input.jpg
monitor.py:170 	 2016-10-04 09:19:08,595 __main__     INFO     Monitor: Logging successfully initialized
monitor.py:46 	 2016-10-04 09:19:08,598 __main__     INFO     /app/watch/input.jpg
monitor.py:75 	 2016-10-04 09:19:28,635 __main__     INFO     /app/watch/input.jpg
monitor.py:75 	 2016-10-04 09:19:32,663 __main__     INFO     /app/watch/input.jpg
monitor.py:75 	 2016-10-04 09:19:40,699 __main__     INFO     /app/watch/output.jpg
monitor.py:206 	 2016-10-04 09:19:55,254 __main__     INFO     Cleaning up and exiting the monitor
 	 2016-10-04 13:49:46,221 __main__     INFO     (((( DONE ))))))) - Monitoring again.
setup.py:376 	 2016-10-04 13:50:00,844 __main__     INFO     Cleaning up and exiting
setup.py:379 	 2016-10-04 13:50:00,864 __main__     INFO     KILL 
setup.py:327 	 2016-10-04 13:58:02,736 __main__     INFO     ================================
setup.py:328 	 2016-10-04 13:58:02,740 __main__     INFO     Logging successfully initialized
setup.py:329 	 2016-10-04 13:58:02,744 __main__     INFO     ================================
setup.py:90 	 2016-10-04 13:58:02,769 __main__     INFO     dedosmedia-monitor containers in host: 1
setup.py:93 	 2016-10-04 13:58:02,775 __main__     INFO     Stopping or removing old container b685ad689f41fb5fa7c6aa4be376b16310056031c9d8d377cd46cdcf5169ce45
setup.py:102 	 2016-10-04 13:58:02,848 __main__     INFO     Building container...
setup.py:120 	 2016-10-04 13:58:20,628 __main__     INFO     Container built succesfully.
setup.py:147 	 2016-10-04 13:58:20,632 __main__     INFO     Config path is: I:\Dropbox\DedosMedia\keshot\monitor\config and exists: True
setup.py:151 	 2016-10-04 13:58:20,640 __main__     INFO     Watch path is: I:\Dropbox\DedosMedia\keshot\monitor\watch and exists: True
setup.py:192 	 2016-10-04 13:58:20,788 __main__     INFO     Container created: {u'Id': u'd6a9710173c9c709b8fa27019dbae64c02748c40b0e19612e2598b028dbcd127', u'Warnings': None}
setup.py:196 	 2016-10-04 13:58:21,145 __main__     INFO     Container started correctly. Monitoring: I:\Dropbox\DedosMedia\keshot\monitor\watch\input.jpg
monitor.py:165 	 2016-10-04 09:28:15,645 __main__     INFO     Monitor: Logging successfully initialized
monitor.py:44 	 2016-10-04 09:28:15,647 __main__     INFO     Monitoring for file: /app/watch/input.jpg
monitor.py:70 	 2016-10-04 09:28:37,716 __main__     INFO     /app/watch/input.jpg
monitor.py:73 	 2016-10-04 09:28:37,718 __main__     INFO     --> True, deleted, /app/watch/input.jpg -- /app/watch/input.jpg
monitor.py:70 	 2016-10-04 09:28:39,720 __main__     INFO     /app/watch/input.jpg
monitor.py:73 	 2016-10-04 09:28:39,721 __main__     INFO     --> True, created, /app/watch/input.jpg -- /app/watch/input.jpg
monitor.py:200 	 2016-10-04 09:29:01,444 __main__     INFO     Cleaning up and exiting the monitor
setup.py:379 	 2016-10-04 13:59:07,056 __main__     INFO     Closing app. 
setup.py:327 	 2016-10-04 13:59:12,710 __main__     INFO     ================================
setup.py:328 	 2016-10-04 13:59:12,713 __main__     INFO     Logging successfully initialized
setup.py:329 	 2016-10-04 13:59:12,717 __main__     INFO     ================================
setup.py:90 	 2016-10-04 13:59:12,737 __main__     INFO     dedosmedia-monitor containers in host: 1
setup.py:93 	 2016-10-04 13:59:12,743 __main__     INFO     Stopping or removing old container d6a9710173c9c709b8fa27019dbae64c02748c40b0e19612e2598b028dbcd127
setup.py:102 	 2016-10-04 13:59:12,789 __main__     INFO     Building container...
setup.py:120 	 2016-10-04 13:59:30,438 __main__     INFO     Container built succesfully.
setup.py:147 	 2016-10-04 13:59:30,450 __main__     INFO     Config path is: I:\Dropbox\DedosMedia\keshot\monitor\config and exists: True
setup.py:151 	 2016-10-04 13:59:30,457 __main__     INFO     Watch path is: I:\Dropbox\DedosMedia\keshot\monitor\watch and exists: True
setup.py:192 	 2016-10-04 13:59:30,611 __main__     INFO     Container created: {u'Id': u'765d44267b28b06c9d36d05e03c5ce4e16c59f59572a73232f072be45f10732c', u'Warnings': None}
setup.py:196 	 2016-10-04 13:59:31,013 __main__     INFO     Container started correctly. Monitoring: I:\Dropbox\DedosMedia\keshot\monitor\watch\input.jpg
monitor.py:165 	 2016-10-04 09:29:25,511 __main__     INFO     Monitor: Logging successfully initialized
monitor.py:44 	 2016-10-04 09:29:25,514 __main__     INFO     Monitoring for file: /app/watch/input.jpg
monitor.py:70 	 2016-10-04 09:29:30,524 __main__     INFO     /app/watch/input.jpg
monitor.py:73 	 2016-10-04 09:29:30,525 __main__     INFO     --> True, deleted, /app/watch/input.jpg -- /app/watch/input.jpg
monitor.py:70 	 2016-10-04 09:29:34,542 __main__     INFO     /app/watch/input.jpg
monitor.py:73 	 2016-10-04 09:29:34,544 __main__     INFO     --> True, created, /app/watch/input.jpg -- /app/watch/input.jpg
monitor.py:78 	 2016-10-04 09:29:34,544 __main__     INFO     >>>>> File /app/watch/input.jpg has been created
monitor.py:70 	 2016-10-04 09:29:42,615 __main__     INFO     /app/watch/output.jpg
monitor.py:73 	 2016-10-04 09:29:42,616 __main__     INFO     --> False, modified, /app/watch/input.jpg -- /app/watch/output.jpg
monitor.py:70 	 2016-10-04 09:30:22,689 __main__     INFO     /app/watch/input.jpg
monitor.py:73 	 2016-10-04 09:30:22,690 __main__     INFO     --> True, modified, /app/watch/input.jpg -- /app/watch/input.jpg
monitor.py:70 	 2016-10-04 09:30:46,726 __main__     INFO     /app/watch/input.jpg
monitor.py:73 	 2016-10-04 09:30:46,727 __main__     INFO     --> True, deleted, /app/watch/input.jpg -- /app/watch/input.jpg
monitor.py:70 	 2016-10-04 09:30:49,730 __main__     INFO     /app/watch/input.jpg
monitor.py:73 	 2016-10-04 09:30:49,732 __main__     INFO     --> True, created, /app/watch/input.jpg -- /app/watch/input.jpg
monitor.py:78 	 2016-10-04 09:30:49,733 __main__     INFO     >>>>> File /app/watch/input.jpg has been created
monitor.py:70 	 2016-10-04 09:30:57,818 __main__     INFO     /app/watch/output.jpg
monitor.py:73 	 2016-10-04 09:30:57,820 __main__     INFO     --> False, modified, /app/watch/input.jpg -- /app/watch/output.jpg
monitor.py:70 	 2016-10-04 10:21:58,920 __main__     INFO     /app/watch/input.jpg
monitor.py:73 	 2016-10-04 10:21:58,927 __main__     INFO     --> True, deleted, /app/watch/input.jpg -- /app/watch/input.jpg
monitor.py:70 	 2016-10-04 10:22:05,933 __main__     INFO     /app/watch/input.jpg
monitor.py:73 	 2016-10-04 10:22:05,934 __main__     INFO     --> True, created, /app/watch/input.jpg -- /app/watch/input.jpg
monitor.py:78 	 2016-10-04 10:22:05,935 __main__     INFO     >>>>> File /app/watch/input.jpg has been created
monitor.py:70 	 2016-10-04 10:22:13,975 __main__     INFO     /app/watch/output.jpg
monitor.py:73 	 2016-10-04 10:22:13,978 __main__     INFO     --> False, modified, /app/watch/input.jpg -- /app/watch/output.jpg
monitor.py:200 	 2016-10-04 10:43:43,571 __main__     INFO     Cleaning up and exiting the monitor
ain__     INFO     Cleaning up and exiting
setup.py:379 	 2016-10-04 15:13:49,187 __main__     INFO     Closing app. 
setup.py:327 	 2016-10-04 15:15:47,098 __main__     INFO     ================================
setup.py:328 	 2016-10-04 15:15:47,101 __main__     INFO     Logging successfully initialized
setup.py:329 	 2016-10-04 15:15:47,104 __main__     INFO     ================================
setup.py:90 	 2016-10-04 15:15:47,124 __main__     INFO     dedosmedia-monitor containers in host: 1
setup.py:93 	 2016-10-04 15:15:47,128 __main__     INFO     Stopping or removing old container 765d44267b28b06c9d36d05e03c5ce4e16c59f59572a73232f072be45f10732c
setup.py:102 	 2016-10-04 15:15:47,164 __main__     INFO     Building container...
setup.py:120 	 2016-10-04 15:15:47,380 __main__     INFO     Container built succesfully.
setup.py:147 	 2016-10-04 15:15:47,382 __main__     INFO     Config path is: I:\Dropbox\DedosMedia\keshot\monitor\config and exists: True
setup.py:151 	 2016-10-04 15:15:47,388 __main__     INFO     Watch path is: I:\Dropbox\DedosMedia\keshot\monitor\watch and exists: True
setup.py:192 	 2016-10-04 15:15:47,545 __main__     INFO     Container created: {u'Id': u'9d7c3851544412412f6f75f286d6d06a486d7d08c98439164ae63140d2933868', u'Warnings': None}
setup.py:196 	 2016-10-04 15:15:47,926 __main__     INFO     Container started correctly. Monitoring: I:\Dropbox\DedosMedia\keshot\monitor\watch\input.jpg
monitor.py:165 	 2016-10-04 10:45:42,395 __main__     INFO     Monitor: Logging successfully initialized
monitor.py:44 	 2016-10-04 10:45:42,397 __main__     INFO     Monitoring for file: /app/watch/input.jpg
monitor.py:200 	 2016-10-04 10:46:05,324 __main__     INFO     Cleaning up and exiting the monitor
setup.py:379 	 2016-10-04 15:16:10,936 __main__     INFO     Closing app. 
setup.py:259 	 2016-10-04 15:16:11,006 __main__     INFO     Exiting container 9d7c3851544412412f6f75f286d6d06a486d7d08c98439164ae63140d2933868
setup.py:327 	 2016-10-04 15:27:51,914 __main__     INFO     ================================
setup.py:328 	 2016-10-04 15:27:51,917 __main__     INFO     Logging successfully initialized
setup.py:329 	 2016-10-04 15:27:51,921 __main__     INFO     ================================
setup.py:90 	 2016-10-04 15:27:51,950 __main__     INFO     dedosmedia-monitor containers in host: 1
setup.py:93 	 2016-10-04 15:27:51,953 __main__     INFO     Stopping or removing old container 9d7c3851544412412f6f75f286d6d06a486d7d08c98439164ae63140d2933868
setup.py:102 	 2016-10-04 15:27:52,000 __main__     INFO     Building container...
setup.py:120 	 2016-10-04 15:27:52,214 __main__     INFO     Container built succesfully.
setup.py:147 	 2016-10-04 15:27:52,217 __main__     INFO     Config path is: I:\Dropbox\DedosMedia\keshot\monitor\config and exists: True
setup.py:151 	 2016-10-04 15:27:52,224 __main__     INFO     Watch path is: I:\Dropbox\DedosMedia\keshot\monitor\watch and exists: True
setup.py:192 	 2016-10-04 15:27:52,381 __main__     INFO     Container created: {u'Id': u'd23b5a7a53ec8c0c9a1b1f0c684b1e5417a40ef573768e97d48f2826176c12fa', u'Warnings': None}
setup.py:196 	 2016-10-04 15:27:52,756 __main__     INFO     Container started correctly. Monitoring: I:\Dropbox\DedosMedia\keshot\monitor\watch\input.jpg
monitor.py:165 	 2016-10-04 10:57:47,245 __main__     INFO     Monitor: Logging successfully initialized
monitor.py:200 	 2016-10-04 10:57:50,371 __main__     INFO     Cleaning up and exiting the monitor
 2016-10-04 15:27:54,693 __main__     INFO     Closing app. 
setup.py:259 	 2016-10-04 15:27:56,017 __main__     INFO     Exiting container d23b5a7a53ec8c0c9a1b1f0c684b1e5417a40ef573768e97d48f2826176c12fa
setup.py:327 	 2016-10-04 15:28:23,573 __main__     INFO     ================================
setup.py:328 	 2016-10-04 15:28:23,576 __main__     INFO     Logging successfully initialized
setup.py:329 	 2016-10-04 15:28:23,581 __main__     INFO     ================================
setup.py:90 	 2016-10-04 15:28:23,602 __main__     INFO     dedosmedia-monitor containers in host: 1
setup.py:93 	 2016-10-04 15:28:23,608 __main__     INFO     Stopping or removing old container d23b5a7a53ec8c0c9a1b1f0c684b1e5417a40ef573768e97d48f2826176c12fa
setup.py:102 	 2016-10-04 15:28:23,648 __main__     INFO     Building container...
setup.py:120 	 2016-10-04 15:28:23,900 __main__     INFO     Container built succesfully.
setup.py:147 	 2016-10-04 15:28:23,907 __main__     INFO     Config path is: I:\Dropbox\DedosMedia\keshot\monitor\config and exists: True
setup.py:151 	 2016-10-04 15:28:23,913 __main__     INFO     Watch path is: I:\Dropbox\DedosMedia\keshot\monitor\watch and exists: True
setup.py:192 	 2016-10-04 15:28:24,038 __main__     INFO     Container created: {u'Id': u'd70b30a50a788b7284322835e2f419572b72ffe75c03b02d0fff53176c08e878', u'Warnings': None}
setup.py:196 	 2016-10-04 15:28:24,427 __main__     INFO     Container started correctly. Monitoring: I:\Dropbox\DedosMedia\keshot\monitor\watch\input.jpg
monitor.py:165 	 2016-10-04 10:58:18,904 __main__     INFO     Monitor: Logging successfully initialized
monitor.py:44 	 2016-10-04 10:58:18,906 __main__     INFO     Monitoring for file: /app/watch/input.jpg
monitor.py:200 	 2016-10-04 10:58:21,736 __main__     INFO     Cleaning up and exiting the monitor
setup.py:379 	 2016-10-04 15:28:27,351 __main__     INFO     Closing app. 
setup.py:327 	 2016-10-04 15:28:29,654 __main__     INFO     ================================
setup.py:328 	 2016-10-04 15:28:29,657 __main__     INFO     Logging successfully initialized
setup.py:329 	 2016-10-04 15:28:29,661 __main__     INFO     ================================
setup.py:90 	 2016-10-04 15:28:29,681 __main__     INFO     dedosmedia-monitor containers in host: 1
setup.py:93 	 2016-10-04 15:28:29,687 __main__     INFO     Stopping or removing old container d70b30a50a788b7284322835e2f419572b72ffe75c03b02d0fff53176c08e878
setup.py:102 	 2016-10-04 15:28:29,772 __main__     INFO     Building container...
setup.py:120 	 2016-10-04 15:28:29,976 __main__     INFO     Container built succesfully.
setup.py:147 	 2016-10-04 15:28:29,980 __main__     INFO     Config path is: I:\Dropbox\DedosMedia\keshot\monitor\config and exists: True
setup.py:151 	 2016-10-04 15:28:29,986 __main__     INFO     Watch path is: I:\Dropbox\DedosMedia\keshot\monitor\watch and exists: True
setup.py:192 	 2016-10-04 15:28:30,127 __main__     INFO     Container created: {u'Id': u'bd6f65e3e4eebb5c3dac4ff5e7e72753f64d5227c558303ccff6b38212ca3b79', u'Warnings': None}
setup.py:196 	 2016-10-04 15:28:30,497 __main__     INFO     Container started correctly. Monitoring: I:\Dropbox\DedosMedia\keshot\monitor\watch\input.jpg
monitor.py:165 	 2016-10-04 10:58:24,981 __main__     INFO     Monitor: Logging successfully initialized
monitor.py:44 	 2016-10-04 10:58:24,983 __main__     INFO     Monitoring for file: /app/watch/input.jpg
monitor.py:200 	 2016-10-04 10:58:26,487 __main__     INFO     Cleaning up and exiting the monitor
setup.py:379 	 2016-10-04 15:28:32,099 __main__     INFO     Closing app. 
